Starting random YouTube upload process...
Using active YouTube account: YouTube Account (ID: 6)
Selected track: Курва ёжик (ID: 8270)
Uploading as regular YouTube video with public privacy...
Success! Track 'Курва ёжик' was uploaded to YouTube with video ID: cukO_7wMj1Q
YouTube URL: https://www.youtube.com/watch?v=cukO_7wMj1Q
Starting random YouTube upload process...
Using active YouTube account: YouTube Account (ID: 6)
Selected track: Il gioco dell’amore (ID: 1195)
Uploading as regular YouTube video with public privacy...
Success! Track 'Il gioco dell’amore' was uploaded to YouTube with video ID: WHFHUhdHO00
YouTube URL: https://www.youtube.com/watch?v=WHFHUhdHO00
Starting random YouTube upload process...
Using active YouTube account: YouTube Account (ID: 6)
Selected track: Тики-таки (ID: 4814)
Uploading as regular YouTube video with public privacy...
Success! Track 'Тики-таки' was uploaded to YouTube with video ID: ndmz7iUKGlc
YouTube URL: https://www.youtube.com/watch?v=ndmz7iUKGlc
Starting random YouTube upload process...
Using active YouTube account: YouTube Account (ID: 6)
Selected track: Heaven Awaits (ID: 1659)
Uploading as regular YouTube video with public privacy...
Success! Track 'Heaven Awaits' was uploaded to YouTube with video ID: 47w8gHzBBEU
YouTube URL: https://www.youtube.com/watch?v=47w8gHzBBEU
Starting random YouTube upload process...
Using active YouTube account: YouTube Account (ID: 6)
Selected track: John Pork on the beat (ID: 227)
Uploading as regular YouTube video with public privacy...
Success! Track 'John Pork on the beat' was uploaded to YouTube with video ID: rRQXcJQhP-w
YouTube URL: https://www.youtube.com/watch?v=rRQXcJQhP-w
Starting random YouTube upload process...
Using active YouTube account: YouTube Account (ID: 6)
Selected track: Think About The Way  (Remastered) (ID: 1909)
Uploading as regular YouTube video with public privacy...
Success! Track 'Think About The Way  (Remastered)' was uploaded to YouTube with video ID: FVe5DD6q4VY
YouTube URL: https://www.youtube.com/watch?v=FVe5DD6q4VY
